<?xml version="1.0" encoding="UTF-8"?>
<!-- Generated by org.testng.reporters.JUnitReportReporter -->
<testsuite hostname="mukul-workstation" name="com.briozing.automation.suites.UITests" tests="1" failures="0" timestamp="18 May 2020 18:17:14 GMT" time="40.207" errors="0">
  <testcase name="verify_blog_title" time="40.207" classname="com.briozing.automation.suites.UITests"/>
</testsuite> <!-- com.briozing.automation.suites.UITests -->
